2023-12-09 20:48:40,220 - INFO - Debug mode is OFF
2023-12-09 20:48:40,221 - INFO - Logging initialized, output file: var/log/decision_tree/decision_tree.log
2023-12-09 20:48:40,221 - INFO - Loading dataset data_banknote_authentication/data_banknote_authentication.csv
2023-12-09 20:48:40,221 - INFO - dataset: [['3.6216', '8.6661', '-2.8073', '-0.44699', '0'], ['4.5459', '8.1674', '-2.4586', '-1.4621', '0'], ['3.866', '-2.6383', '1.9242', '0.10645', '0'], ['3.4566', '9.5228', '-4.0112', '-3.5944', '0'], ['0.32924', '-4.4552', '4.5718', '-0.9888', '0']]
2023-12-09 20:48:40,222 - INFO - Initializing instance of DecisionTree class
2023-12-09 20:48:40,222 - INFO - Getting scores by running decision_tree functions
2023-12-09 20:48:40,222 - INFO - evaluate_algorithm()
2023-12-09 20:48:40,223 - INFO - cross_validation_split()
2023-12-09 20:48:40,223 - INFO - folds: [[[3.4312, 6.2637, -1.9513, -0.36165, 0.0], [-2.1979, -2.1252, 1.7151, 0.45171, 1.0], [3.4663, 1.1112, 1.7425, 1.3388, 0.0], [0.33111, 4.5731, 2.057, -0.18967, 0.0], [1.6406, 3.5488, 1.3964, -0.36424, 0.0]], [[3.2422, 6.2265, 0.12224, -1.4466, 0.0], [-0.7056, 8.7241, 2.2215, -4.5965, 0.0], [0.65497, 5.1815, 1.0673, -0.42113, 0.0], [-2.5084, -0.22763, 1.488, 1.2069, 1.0], [1.8205, 6.7562, 0.0099913, 0.39481, 0.0]], [[3.5982, 7.1307, -1.3035, 0.21248, 0.0], [3.6667, 4.302, 0.55923, 0.33791, 0.0], [1.762, 4.3682, 2.1384, 0.75429, 0.0], [-3.2778, 1.8023, 0.1805, -2.3931, 1.0], [3.4669, 6.87, -1.0568, -0.73147, 0.0]], [[5.0452, 3.8964, -1.4304, 0.86291, 0.0], [0.3798, 0.7098, 0.7572, -0.4444, 0.0], [4.0446, 11.1741, -4.3582, -4.7401, 0.0], [-3.0866, -6.6362, 10.5405, -0.89182, 1.0], [-3.0265, -0.062088, 0.68604, -0.055186, 1.0]], [[0.5195, -3.2633, 3.0895, -0.9849, 0.0], [3.1836, 7.2321, -1.0713, -2.5909, 0.0], [4.2406, -2.4852, 1.608, 0.7155, 0.0], [3.5594, 1.3078, 1.291, 1.6556, 0.0], [2.1464, 6.0795, -0.5778, -2.2302, 0.0]]]
2023-12-09 20:48:40,223 - INFO - train_set: [[3.2422, 6.2265, 0.12224, -1.4466, 0.0], [-0.7056, 8.7241, 2.2215, -4.5965, 0.0], [0.65497, 5.1815, 1.0673, -0.42113, 0.0], [-2.5084, -0.22763, 1.488, 1.2069, 1.0], [1.8205, 6.7562, 0.0099913, 0.39481, 0.0]]
2023-12-09 20:48:40,224 - INFO - test_set: [[3.4312, 6.2637, -1.9513, -0.36165, None], [-2.1979, -2.1252, 1.7151, 0.45171, None], [3.4663, 1.1112, 1.7425, 1.3388, None], [0.33111, 4.5731, 2.057, -0.18967, None], [1.6406, 3.5488, 1.3964, -0.36424, None]]
2023-12-09 20:48:40,224 - INFO - Calling <bound method DecisionTree.decision_tree_algorithm of <__main__.DecisionTree object at 0x7f49f607c550>> with args (train_set, test_set)
2023-12-09 20:48:40,224 - INFO - decision_tree_algorithm()
2023-12-09 20:48:40,224 - INFO - build_tree()
2023-12-09 20:48:40,799 - INFO - root: {'index': 0, 'value': 0.29961, 'groups': [[[-0.7056, 8.7241, 2.2215, -4.5965, 0.0], [-2.5084, -0.22763, 1.488, 1.2069, 1.0], [0.24394, 1.4733, -1.4192, -0.58535, 1.0], [-5.1661, 8.0433, 0.044265, -4.4983, 1.0], [-2.2987, -5.227, 5.63, 0.91722, 1.0]], [[3.2422, 6.2265, 0.12224, -1.4466, 0.0], [0.65497, 5.1815, 1.0673, -0.42113, 0.0], [1.8205, 6.7562, 0.0099913, 0.39481, 0.0], [3.8496, 9.7939, -4.1508, -4.4582, 0.0], [3.106, 9.5414, -4.2536, -4.003, 0.0]]]}
2023-12-09 20:48:40,799 - INFO - split()
2023-12-09 20:48:40,927 - INFO - split()
2023-12-09 20:48:41,016 - INFO - split()
2023-12-09 20:48:41,081 - INFO - split()
2023-12-09 20:48:41,112 - INFO - split()
2023-12-09 20:48:41,119 - INFO - split()
2023-12-09 20:48:41,122 - INFO - split()
2023-12-09 20:48:41,124 - INFO - split()
2023-12-09 20:48:41,124 - INFO - split()
2023-12-09 20:48:41,129 - INFO - split()
2023-12-09 20:48:41,129 - INFO - split()
2023-12-09 20:48:41,129 - INFO - split()
2023-12-09 20:48:41,132 - INFO - split()
2023-12-09 20:48:41,133 - INFO - split()
2023-12-09 20:48:41,134 - INFO - split()
2023-12-09 20:48:41,298 - INFO - split()
2023-12-09 20:48:41,299 - INFO - split()
2023-12-09 20:48:41,299 - INFO - split()
2023-12-09 20:48:41,433 - INFO - split()
2023-12-09 20:48:41,444 - INFO - split()
2023-12-09 20:48:41,445 - INFO - split()
2023-12-09 20:48:41,454 - INFO - split()
2023-12-09 20:48:41,532 - INFO - split()
2023-12-09 20:48:41,533 - INFO - split()
2023-12-09 20:48:41,576 - INFO - split()
2023-12-09 20:48:41,577 - INFO - train_set: [[3.4312, 6.2637, -1.9513, -0.36165, 0.0], [-2.1979, -2.1252, 1.7151, 0.45171, 1.0], [3.4663, 1.1112, 1.7425, 1.3388, 0.0], [0.33111, 4.5731, 2.057, -0.18967, 0.0], [1.6406, 3.5488, 1.3964, -0.36424, 0.0]]
2023-12-09 20:48:41,577 - INFO - test_set: [[3.2422, 6.2265, 0.12224, -1.4466, None], [-0.7056, 8.7241, 2.2215, -4.5965, None], [0.65497, 5.1815, 1.0673, -0.42113, None], [-2.5084, -0.22763, 1.488, 1.2069, None], [1.8205, 6.7562, 0.0099913, 0.39481, None]]
2023-12-09 20:48:41,577 - INFO - Calling <bound method DecisionTree.decision_tree_algorithm of <__main__.DecisionTree object at 0x7f49f607c550>> with args (train_set, test_set)
2023-12-09 20:48:41,577 - INFO - decision_tree_algorithm()
2023-12-09 20:48:41,577 - INFO - build_tree()
2023-12-09 20:48:42,156 - INFO - root: {'index': 0, 'value': 0.3223, 'groups': [[[-2.1979, -2.1252, 1.7151, 0.45171, 1.0], [-0.40804, 0.54214, -0.52725, 0.6586, 1.0], [-1.7479, -5.823, 5.8699, 1.212, 1.0], [-1.8219, -6.8824, 5.4681, 0.057313, 1.0], [-1.9409, -8.6848, 9.155, 0.94049, 1.0]], [[3.4312, 6.2637, -1.9513, -0.36165, 0.0], [3.4663, 1.1112, 1.7425, 1.3388, 0.0], [0.33111, 4.5731, 2.057, -0.18967, 0.0], [1.6406, 3.5488, 1.3964, -0.36424, 0.0], [1.5904, 2.2121, -3.1183, -0.11725, 1.0]]]}
2023-12-09 20:48:42,156 - INFO - split()
2023-12-09 20:48:42,284 - INFO - split()
2023-12-09 20:48:42,365 - INFO - split()
2023-12-09 20:48:42,394 - INFO - split()
2023-12-09 20:48:42,398 - INFO - split()
2023-12-09 20:48:42,412 - INFO - split()
2023-12-09 20:48:42,421 - INFO - split()
2023-12-09 20:48:42,428 - INFO - split()
2023-12-09 20:48:42,428 - INFO - split()
2023-12-09 20:48:42,435 - INFO - split()
2023-12-09 20:48:42,436 - INFO - split()
2023-12-09 20:48:42,436 - INFO - split()
2023-12-09 20:48:42,439 - INFO - split()
2023-12-09 20:48:42,441 - INFO - split()
2023-12-09 20:48:42,441 - INFO - split()
2023-12-09 20:48:42,596 - INFO - split()
2023-12-09 20:48:42,597 - INFO - split()
2023-12-09 20:48:42,598 - INFO - split()
2023-12-09 20:48:42,598 - INFO - split()
2023-12-09 20:48:42,732 - INFO - split()
2023-12-09 20:48:42,744 - INFO - split()
2023-12-09 20:48:42,745 - INFO - split()
2023-12-09 20:48:42,753 - INFO - split()
2023-12-09 20:48:42,827 - INFO - split()
2023-12-09 20:48:42,828 - INFO - split()
2023-12-09 20:48:42,870 - INFO - split()
2023-12-09 20:48:42,870 - INFO - train_set: [[3.4312, 6.2637, -1.9513, -0.36165, 0.0], [-2.1979, -2.1252, 1.7151, 0.45171, 1.0], [3.4663, 1.1112, 1.7425, 1.3388, 0.0], [0.33111, 4.5731, 2.057, -0.18967, 0.0], [1.6406, 3.5488, 1.3964, -0.36424, 0.0]]
2023-12-09 20:48:42,871 - INFO - test_set: [[3.5982, 7.1307, -1.3035, 0.21248, None], [3.6667, 4.302, 0.55923, 0.33791, None], [1.762, 4.3682, 2.1384, 0.75429, None], [-3.2778, 1.8023, 0.1805, -2.3931, None], [3.4669, 6.87, -1.0568, -0.73147, None]]
2023-12-09 20:48:42,871 - INFO - Calling <bound method DecisionTree.decision_tree_algorithm of <__main__.DecisionTree object at 0x7f49f607c550>> with args (train_set, test_set)
2023-12-09 20:48:42,871 - INFO - decision_tree_algorithm()
2023-12-09 20:48:42,871 - INFO - build_tree()
2023-12-09 20:48:43,440 - INFO - root: {'index': 0, 'value': 0.3223, 'groups': [[[-2.1979, -2.1252, 1.7151, 0.45171, 1.0], [-0.40804, 0.54214, -0.52725, 0.6586, 1.0], [-1.7479, -5.823, 5.8699, 1.212, 1.0], [-1.8219, -6.8824, 5.4681, 0.057313, 1.0], [-1.9409, -8.6848, 9.155, 0.94049, 1.0]], [[3.4312, 6.2637, -1.9513, -0.36165, 0.0], [3.4663, 1.1112, 1.7425, 1.3388, 0.0], [0.33111, 4.5731, 2.057, -0.18967, 0.0], [1.6406, 3.5488, 1.3964, -0.36424, 0.0], [1.5904, 2.2121, -3.1183, -0.11725, 1.0]]]}
2023-12-09 20:48:43,440 - INFO - split()
2023-12-09 20:48:43,576 - INFO - split()
2023-12-09 20:48:43,666 - INFO - split()
2023-12-09 20:48:43,731 - INFO - split()
2023-12-09 20:48:43,754 - INFO - split()
2023-12-09 20:48:43,761 - INFO - split()
2023-12-09 20:48:43,764 - INFO - split()
2023-12-09 20:48:43,766 - INFO - split()
2023-12-09 20:48:43,772 - INFO - split()
2023-12-09 20:48:43,773 - INFO - split()
2023-12-09 20:48:43,773 - INFO - split()
2023-12-09 20:48:43,776 - INFO - split()
2023-12-09 20:48:43,777 - INFO - split()
2023-12-09 20:48:43,778 - INFO - split()
2023-12-09 20:48:43,925 - INFO - split()
2023-12-09 20:48:43,926 - INFO - split()
2023-12-09 20:48:43,927 - INFO - split()
2023-12-09 20:48:43,927 - INFO - split()
2023-12-09 20:48:44,061 - INFO - split()
2023-12-09 20:48:44,074 - INFO - split()
2023-12-09 20:48:44,074 - INFO - split()
2023-12-09 20:48:44,084 - INFO - split()
2023-12-09 20:48:44,153 - INFO - split()
2023-12-09 20:48:44,218 - INFO - split()
2023-12-09 20:48:44,219 - INFO - train_set: [[3.4312, 6.2637, -1.9513, -0.36165, 0.0], [-2.1979, -2.1252, 1.7151, 0.45171, 1.0], [3.4663, 1.1112, 1.7425, 1.3388, 0.0], [0.33111, 4.5731, 2.057, -0.18967, 0.0], [1.6406, 3.5488, 1.3964, -0.36424, 0.0]]
2023-12-09 20:48:44,219 - INFO - test_set: [[5.0452, 3.8964, -1.4304, 0.86291, None], [0.3798, 0.7098, 0.7572, -0.4444, None], [4.0446, 11.1741, -4.3582, -4.7401, None], [-3.0866, -6.6362, 10.5405, -0.89182, None], [-3.0265, -0.062088, 0.68604, -0.055186, None]]
2023-12-09 20:48:44,219 - INFO - Calling <bound method DecisionTree.decision_tree_algorithm of <__main__.DecisionTree object at 0x7f49f607c550>> with args (train_set, test_set)
2023-12-09 20:48:44,219 - INFO - decision_tree_algorithm()
2023-12-09 20:48:44,219 - INFO - build_tree()
2023-12-09 20:48:44,821 - INFO - root: {'index': 0, 'value': 0.75736, 'groups': [[[-2.1979, -2.1252, 1.7151, 0.45171, 1.0], [0.33111, 4.5731, 2.057, -0.18967, 0.0], [-0.40804, 0.54214, -0.52725, 0.6586, 1.0], [-1.7479, -5.823, 5.8699, 1.212, 1.0], [-1.8219, -6.8824, 5.4681, 0.057313, 1.0]], [[3.4312, 6.2637, -1.9513, -0.36165, 0.0], [3.4663, 1.1112, 1.7425, 1.3388, 0.0], [1.6406, 3.5488, 1.3964, -0.36424, 0.0], [1.5904, 2.2121, -3.1183, -0.11725, 1.0], [1.3518, 1.0595, -2.3437, 0.39998, 1.0]]]}
2023-12-09 20:48:44,821 - INFO - split()
2023-12-09 20:48:44,991 - INFO - split()
2023-12-09 20:48:45,094 - INFO - split()
2023-12-09 20:48:45,177 - INFO - split()
2023-12-09 20:48:45,222 - INFO - split()
2023-12-09 20:48:45,229 - INFO - split()
2023-12-09 20:48:45,231 - INFO - split()
2023-12-09 20:48:45,231 - INFO - split()
2023-12-09 20:48:45,232 - INFO - split()
2023-12-09 20:48:45,240 - INFO - split()
2023-12-09 20:48:45,241 - INFO - split()
2023-12-09 20:48:45,242 - INFO - split()
2023-12-09 20:48:45,247 - INFO - split()
2023-12-09 20:48:45,250 - INFO - split()
2023-12-09 20:48:45,372 - INFO - split()
2023-12-09 20:48:45,372 - INFO - split()
2023-12-09 20:48:45,373 - INFO - split()
2023-12-09 20:48:45,490 - INFO - split()
2023-12-09 20:48:45,496 - INFO - split()
2023-12-09 20:48:45,496 - INFO - split()
2023-12-09 20:48:45,499 - INFO - split()
2023-12-09 20:48:45,579 - INFO - split()
2023-12-09 20:48:45,581 - INFO - split()
2023-12-09 20:48:45,624 - INFO - split()
2023-12-09 20:48:45,625 - INFO - train_set: [[3.4312, 6.2637, -1.9513, -0.36165, 0.0], [-2.1979, -2.1252, 1.7151, 0.45171, 1.0], [3.4663, 1.1112, 1.7425, 1.3388, 0.0], [0.33111, 4.5731, 2.057, -0.18967, 0.0], [1.6406, 3.5488, 1.3964, -0.36424, 0.0]]
2023-12-09 20:48:45,625 - INFO - test_set: [[0.5195, -3.2633, 3.0895, -0.9849, None], [3.1836, 7.2321, -1.0713, -2.5909, None], [4.2406, -2.4852, 1.608, 0.7155, None], [3.5594, 1.3078, 1.291, 1.6556, None], [2.1464, 6.0795, -0.5778, -2.2302, None]]
2023-12-09 20:48:45,625 - INFO - Calling <bound method DecisionTree.decision_tree_algorithm of <__main__.DecisionTree object at 0x7f49f607c550>> with args (train_set, test_set)
2023-12-09 20:48:45,626 - INFO - decision_tree_algorithm()
2023-12-09 20:48:45,626 - INFO - build_tree()
2023-12-09 20:48:46,213 - INFO - root: {'index': 0, 'value': 0.3223, 'groups': [[[-2.1979, -2.1252, 1.7151, 0.45171, 1.0], [-0.40804, 0.54214, -0.52725, 0.6586, 1.0], [-1.7479, -5.823, 5.8699, 1.212, 1.0], [-1.8219, -6.8824, 5.4681, 0.057313, 1.0], [-1.9409, -8.6848, 9.155, 0.94049, 1.0]], [[3.4312, 6.2637, -1.9513, -0.36165, 0.0], [3.4663, 1.1112, 1.7425, 1.3388, 0.0], [0.33111, 4.5731, 2.057, -0.18967, 0.0], [1.6406, 3.5488, 1.3964, -0.36424, 0.0], [1.5904, 2.2121, -3.1183, -0.11725, 1.0]]]}
2023-12-09 20:48:46,213 - INFO - split()
2023-12-09 20:48:46,346 - INFO - split()
2023-12-09 20:48:46,444 - INFO - split()
2023-12-09 20:48:46,517 - INFO - split()
2023-12-09 20:48:46,551 - INFO - split()
2023-12-09 20:48:46,560 - INFO - split()
2023-12-09 20:48:46,562 - INFO - split()
2023-12-09 20:48:46,564 - INFO - split()
2023-12-09 20:48:46,564 - INFO - split()
2023-12-09 20:48:46,568 - INFO - split()
2023-12-09 20:48:46,568 - INFO - split()
2023-12-09 20:48:46,570 - INFO - split()
2023-12-09 20:48:46,572 - INFO - split()
2023-12-09 20:48:46,723 - INFO - split()
2023-12-09 20:48:46,724 - INFO - split()
2023-12-09 20:48:46,725 - INFO - split()
2023-12-09 20:48:46,725 - INFO - split()
2023-12-09 20:48:46,858 - INFO - split()
2023-12-09 20:48:46,870 - INFO - split()
2023-12-09 20:48:46,871 - INFO - split()
2023-12-09 20:48:46,880 - INFO - split()
2023-12-09 20:48:46,955 - INFO - split()
2023-12-09 20:48:46,957 - INFO - split()
2023-12-09 20:48:46,999 - INFO - split()
2023-12-09 20:48:47,000 - INFO - Scores: [96.35036496350365, 97.08029197080292, 97.44525547445255, 98.17518248175182, 97.44525547445255]
2023-12-09 20:48:47,000 - INFO - Mean Accuracy: 97.299%
